> Task :app:preBuild UP-TO-DATE
> Task :app:preDebugBuild UP-TO-DATE
> Task :app:mergeDebugNativeDebugMetadata NO-SOURCE
> Task :app:dataBindingMergeDependencyArtifactsDebug UP-TO-DATE
> Task :app:generateDebugResValues UP-TO-DATE
> Task :app:generateDebugResources UP-TO-DATE
> Task :app:mergeDebugResources UP-TO-DATE
> Task :app:packageDebugResources UP-TO-DATE
> Task :app:processDebugNavigationResources UP-TO-DATE
> Task :app:parseDebugLocalResources UP-TO-DATE
> Task :app:dataBindingGenBaseClassesDebug UP-TO-DATE
> Task :app:javaPreCompileDebug UP-TO-DATE
> Task :app:checkDebugAarMetadata UP-TO-DATE
> Task :app:compileDebugNavigationResources UP-TO-DATE
> Task :app:mapDebugSourceSetPaths UP-TO-DATE
> Task :app:createDebugCompatibleScreenManifests UP-TO-DATE
> Task :app:extractDeepLinksDebug UP-TO-DATE
> Task :app:processDebugMainManifest UP-TO-DATE
> Task :app:processDebugManifest UP-TO-DATE
> Task :app:processDebugManifestForPackage UP-TO-DATE
> Task :app:processDebugResources UP-TO-DATE

> Task :app:compileDebugJavaWithJavac
/home/darlin-pafra/AndroidStudioProjects/Save/Front-end/app/src/main/java/com/example/save/ui/activities/ChangePasswordActivity.java:88: error: cannot find symbol
                new com.example.save.ui.viewmodels.MembersViewModel.PasswordChangeCallback() {
                                                                   ^
  symbol:   class PasswordChangeCallback
  location: class MembersViewModel
/home/darlin-pafra/AndroidStudioProjects/Save/Front-end/app/src/main/java/com/example/save/ui/activities/ChangePasswordActivity.java:89: error: method does not override or implement a method from a supertype
            @Override
            ^
/home/darlin-pafra/AndroidStudioProjects/Save/Front-end/app/src/main/java/com/example/save/ui/viewmodels/MembersViewModel.java:95: error: incompatible types: com.example.save.ui.viewmodels.MembersViewModel.PaymentCallback cannot be converted to com.example.save.data.repository.MemberRepository.PaymentCallback
        repository.makePayment(member, amount, phoneNumber, paymentMethod, callback);
                                                                           ^
/home/darlin-pafra/AndroidStudioProjects/Save/Front-end/app/src/main/java/com/example/save/data/repository/MemberRepository.java:996: error: success has private access in ApiResponse
                                        postResult(callback, response.body().success, response.body().message);
                                                                            ^
/home/darlin-pafra/AndroidStudioProjects/Save/Front-end/app/src/main/java/com/example/save/data/repository/MemberRepository.java:996: error: message has private access in ApiResponse
                                        postResult(callback, response.body().success, response.body().message);
                                                                                                     ^
/home/darlin-pafra/AndroidStudioProjects/Save/Front-end/app/src/main/java/com/example/save/data/repository/MemberRepository.java:990: error: method approveTransaction in interface ApiService cannot be applied to given types;
                            .approveTransaction(new com.example.save.data.network.ApprovalRequest(txId, adminEmail))
                            ^
  required: String,ApprovalRequest
  found:    ApprovalRequest
  reason: actual and formal argument lists differ in length
/home/darlin-pafra/AndroidStudioProjects/Save/Front-end/app/src/main/java/com/example/save/ui/activities/ResetPasswordActivity.java:135: error: method changePassword in class MembersViewModel cannot be applied to given types;
                viewModel.changePassword(member, newPassword);
                         ^
  required: String,String,String,PasswordChangeCallback
  found:    Member,String
  reason: actual and formal argument lists differ in length
/home/darlin-pafra/AndroidStudioProjects/Save/Front-end/app/src/main/java/com/example/save/ui/fragments/LoanApplicationFragment.java:271: error: cannot find symbol
            viewModel.submitLoanRequest(loanRequest, new com.example.save.ui.viewmodels.MembersViewModel.LoanSubmissionCallback() {
                                                                                                        ^
  symbol:   class LoanSubmissionCallback
  location: class MembersViewModel
/home/darlin-pafra/AndroidStudioProjects/Save/Front-end/app/src/main/java/com/example/save/ui/fragments/LoanApplicationFragment.java:272: error: method does not override or implement a method from a supertype
                @Override
                ^
/home/darlin-pafra/AndroidStudioProjects/Save/Front-end/app/src/main/java/com/example/save/ui/fragments/AdminLoansFragment.java:105: error: cannot find symbol
                            new com.example.save.ui.viewmodels.MembersViewModel.RejectionCallback() {
                                                                               ^
  symbol:   class RejectionCallback
  location: class MembersViewModel
/home/darlin-pafra/AndroidStudioProjects/Save/Front-end/app/src/main/java/com/example/save/ui/fragments/AdminLoansFragment.java:106: error: method does not override or implement a method from a supertype
                                @Override
                                ^
/home/darlin-pafra/AndroidStudioProjects/Save/Front-end/app/src/main/java/com/example/save/ui/fragments/LoanPaymentFragment.java:191: error: cannot find symbol
                        new com.example.save.ui.viewmodels.MembersViewModel.LoanRepaymentCallback() {
                                                                           ^
  symbol:   class LoanRepaymentCallback
  location: class MembersViewModel
/home/darlin-pafra/AndroidStudioProjects/Save/Front-end/app/src/main/java/com/example/save/ui/fragments/LoanPaymentFragment.java:192: error: method does not override or implement a method from a supertype
                    @Override
                    ^
/home/darlin-pafra/AndroidStudioProjects/Save/Front-end/app/src/main/java/com/example/save/ui/fragments/PayoutsFragment.java:265: error: cannot find symbol
                new com.example.save.ui.viewmodels.PayoutsViewModel.PayoutCallback() {
                                                                   ^
  symbol:   class PayoutCallback
  location: class PayoutsViewModel
/home/darlin-pafra/AndroidStudioProjects/Save/Front-end/app/src/main/java/com/example/save/ui/fragments/PayoutsFragment.java:266: error: method does not override or implement a method from a supertype
            @Override
            ^
/home/darlin-pafra/AndroidStudioProjects/Save/Front-end/app/src/main/java/com/example/save/ui/fragments/PayoutsFragment.java:273: error: cannot find symbol
                    loadPayoutQueue();
                    ^
  symbol: method loadPayoutQueue()
/home/darlin-pafra/AndroidStudioProjects/Save/Front-end/app/src/main/java/com/example/save/ui/viewmodels/PayoutsViewModel.java:53: error: method resolveShortfall in class MemberRepository cannot be applied to given types;
        repository.resolveShortfall(member);
                  ^
  required: Member,ShortfallResolutionCallback
  found:    Member
  reason: actual and formal argument lists differ in length
Note: Some input files use or override a deprecated API.
Note: Recompile with -Xlint:deprecation for details.
Note: Some messages have been simplified; recompile with -Xdiags:verbose to get full output
17 errors

> Task :app:compileDebugJavaWithJavac FAILED

[Incubating] Problems report is available at: file:///home/darlin-pafra/AndroidStudioProjects/Save/Front-end/build/reports/problems/problems-report.html

FAILURE: Build failed with an exception.

* What went wrong:
Execution failed for task ':app:compileDebugJavaWithJavac'.
> Compilation failed; see the compiler output below.
  /home/darlin-pafra/AndroidStudioProjects/Save/Front-end/app/src/main/java/com/example/save/ui/activities/ChangePasswordActivity.java:88: error: cannot find symbol
                  new com.example.save.ui.viewmodels.MembersViewModel.PasswordChangeCallback() {
                                                                     ^
    symbol:   class PasswordChangeCallback
    location: class MembersViewModel
  /home/darlin-pafra/AndroidStudioProjects/Save/Front-end/app/src/main/java/com/example/save/ui/activities/ChangePasswordActivity.java:89: error: method does not override or implement a method from a supertype
              @Override
              ^
  /home/darlin-pafra/AndroidStudioProjects/Save/Front-end/app/src/main/java/com/example/save/ui/viewmodels/MembersViewModel.java:95: error: incompatible types: com.example.save.ui.viewmodels.MembersViewModel.PaymentCallback cannot be converted to com.example.save.data.repository.MemberRepository.PaymentCallback
          repository.makePayment(member, amount, phoneNumber, paymentMethod, callback);
                                                                             ^
  /home/darlin-pafra/AndroidStudioProjects/Save/Front-end/app/src/main/java/com/example/save/data/repository/MemberRepository.java:996: error: success has private access in ApiResponse
                                          postResult(callback, response.body().success, response.body().message);
                                                                              ^
  /home/darlin-pafra/AndroidStudioProjects/Save/Front-end/app/src/main/java/com/example/save/data/repository/MemberRepository.java:996: error: message has private access in ApiResponse
                                          postResult(callback, response.body().success, response.body().message);
                                                                                                       ^
  /home/darlin-pafra/AndroidStudioProjects/Save/Front-end/app/src/main/java/com/example/save/data/repository/MemberRepository.java:990: error: method approveTransaction in interface ApiService cannot be applied to given types;
                              .approveTransaction(new com.example.save.data.network.ApprovalRequest(txId, adminEmail))
                              ^
    required: String,ApprovalRequest
    found:    ApprovalRequest
    reason: actual and formal argument lists differ in length
  /home/darlin-pafra/AndroidStudioProjects/Save/Front-end/app/src/main/java/com/example/save/ui/activities/ResetPasswordActivity.java:135: error: method changePassword in class MembersViewModel cannot be applied to given types;
                  viewModel.changePassword(member, newPassword);
                           ^
    required: String,String,String,PasswordChangeCallback
    found:    Member,String
    reason: actual and formal argument lists differ in length
  /home/darlin-pafra/AndroidStudioProjects/Save/Front-end/app/src/main/java/com/example/save/ui/fragments/LoanApplicationFragment.java:271: error: cannot find symbol
              viewModel.submitLoanRequest(loanRequest, new com.example.save.ui.viewmodels.MembersViewModel.LoanSubmissionCallback() {
                                                                                                          ^
    symbol:   class LoanSubmissionCallback
    location: class MembersViewModel
  /home/darlin-pafra/AndroidStudioProjects/Save/Front-end/app/src/main/java/com/example/save/ui/fragments/LoanApplicationFragment.java:272: error: method does not override or implement a method from a supertype
                  @Override
                  ^
  /home/darlin-pafra/AndroidStudioProjects/Save/Front-end/app/src/main/java/com/example/save/ui/fragments/AdminLoansFragment.java:105: error: cannot find symbol
                              new com.example.save.ui.viewmodels.MembersViewModel.RejectionCallback() {
                                                                                 ^
    symbol:   class RejectionCallback
    location: class MembersViewModel
  /home/darlin-pafra/AndroidStudioProjects/Save/Front-end/app/src/main/java/com/example/save/ui/fragments/AdminLoansFragment.java:106: error: method does not override or implement a method from a supertype
                                  @Override
                                  ^
  /home/darlin-pafra/AndroidStudioProjects/Save/Front-end/app/src/main/java/com/example/save/ui/fragments/LoanPaymentFragment.java:191: error: cannot find symbol
                          new com.example.save.ui.viewmodels.MembersViewModel.LoanRepaymentCallback() {
                                                                             ^
    symbol:   class LoanRepaymentCallback
    location: class MembersViewModel
  /home/darlin-pafra/AndroidStudioProjects/Save/Front-end/app/src/main/java/com/example/save/ui/fragments/LoanPaymentFragment.java:192: error: method does not override or implement a method from a supertype
                      @Override
                      ^
  /home/darlin-pafra/AndroidStudioProjects/Save/Front-end/app/src/main/java/com/example/save/ui/fragments/PayoutsFragment.java:265: error: cannot find symbol
                  new com.example.save.ui.viewmodels.PayoutsViewModel.PayoutCallback() {
                                                                     ^
    symbol:   class PayoutCallback
    location: class PayoutsViewModel
  /home/darlin-pafra/AndroidStudioProjects/Save/Front-end/app/src/main/java/com/example/save/ui/fragments/PayoutsFragment.java:266: error: method does not override or implement a method from a supertype
              @Override
              ^
  /home/darlin-pafra/AndroidStudioProjects/Save/Front-end/app/src/main/java/com/example/save/ui/fragments/PayoutsFragment.java:273: error: cannot find symbol
                      loadPayoutQueue();
                      ^
    symbol: method loadPayoutQueue()
  /home/darlin-pafra/AndroidStudioProjects/Save/Front-end/app/src/main/java/com/example/save/ui/viewmodels/PayoutsViewModel.java:53: error: method resolveShortfall in class MemberRepository cannot be applied to given types;
          repository.resolveShortfall(member);
                    ^
    required: Member,ShortfallResolutionCallback
    found:    Member
    reason: actual and formal argument lists differ in length
  Note: Some input files use or override a deprecated API.
  Note: Recompile with -Xlint:deprecation for details.
  Note: Some messages have been simplified; recompile with -Xdiags:verbose to get full output
  17 errors

* Try:
> Check your code and dependencies to fix the compilation error(s)
> Run with --scan to get full insights.

BUILD FAILED in 4s
19 actionable tasks: 1 executed, 18 up-to-date
